<?xml version="1.0" encoding="UTF-8"?>
<testsuite xmlns:xsi="http://www.w3.org/2001/XMLSchema-instance" xsi:noNamespaceSchemaLocation="https://maven.apache.org/surefire/maven-surefire-plugin/xsd/surefire-test-report-3.0.xsd" version="3.0" name="org.acme.main.ContextMainTest" time="3.75" tests="1" errors="0" skipped="0" failures="0">
  <properties>
[...]
</properties>
  <testcase name="testContextMain" classname="org.acme.main.ContextMainTest" time="0.092">
    <system-out><![CDATA[2024-04-28 11:55:46,934 INFO  [io.quarkus] (main) camel-quarkus-context-main 1.0.0 on JVM (powered by Quarkus 3.9.1) started in 1.554s. 
2024-04-28 11:55:46,937 INFO  [io.quarkus] (main) Profile test activated. 
2024-04-28 11:55:46,937 INFO  [io.quarkus] (main) Installed features: [camel-core, camel-yaml-dsl, cdi]
2024-04-28 11:55:47,035 INFO  [org.acm.mai.Main] (main) Routes loaded successfully.
]]></system-out>
  </testcase>
</testsuite>